{"/Users/chris/Desktop/LambdaUnit4/webauth-iii-challenge/knexfile.js": {"path":"/Users/chris/Desktop/LambdaUnit4/webauth-iii-challenge/knexfile.js","statementMap":{"0":{"start":{"line":3,"column":0},"end":{"line":30,"column":2}}},"fnMap":{},"branchMap":{},"s":{"0":1},"f":{},"b":{},"_coverageSchema":"1a1c01bbd47fc00a2c39e90264f33305004495a9","hash":"f223da07f19be6383f14867b2ac9fab11af05842"}
,"/Users/chris/Desktop/LambdaUnit4/webauth-iii-challenge/server.js": {"path":"/Users/chris/Desktop/LambdaUnit4/webauth-iii-challenge/server.js","statementMap":{"0":{"start":{"line":1,"column":16},"end":{"line":1,"column":34}},"1":{"start":{"line":3,"column":19},"end":{"line":3,"column":49}},"2":{"start":{"line":5,"column":15},"end":{"line":5,"column":24}},"3":{"start":{"line":7,"column":0},"end":{"line":7,"column":26}},"4":{"start":{"line":8,"column":0},"end":{"line":8,"column":36}},"5":{"start":{"line":10,"column":0},"end":{"line":10,"column":23}}},"fnMap":{},"branchMap":{},"s":{"0":1,"1":1,"2":1,"3":1,"4":1,"5":1},"f":{},"b":{},"_coverageSchema":"1a1c01bbd47fc00a2c39e90264f33305004495a9","hash":"384ae1e74db6b05e16b628f965b7aa3b00fa6f5d"}
,"/Users/chris/Desktop/LambdaUnit4/webauth-iii-challenge/data/dbConfig.js": {"path":"/Users/chris/Desktop/LambdaUnit4/webauth-iii-challenge/data/dbConfig.js","statementMap":{"0":{"start":{"line":1,"column":13},"end":{"line":1,"column":28}},"1":{"start":{"line":2,"column":19},"end":{"line":2,"column":41}},"2":{"start":{"line":3,"column":11},"end":{"line":3,"column":64}},"3":{"start":{"line":5,"column":0},"end":{"line":5,"column":20}}},"fnMap":{},"branchMap":{"0":{"loc":{"start":{"line":3,"column":27},"end":{"line":3,"column":62}},"type":"binary-expr","locations":[{"start":{"line":3,"column":27},"end":{"line":3,"column":45}},{"start":{"line":3,"column":49},"end":{"line":3,"column":62}}],"line":3}},"s":{"0":1,"1":1,"2":1,"3":1},"f":{},"b":{"0":[1,1]},"_coverageSchema":"1a1c01bbd47fc00a2c39e90264f33305004495a9","hash":"8d06334ea21cbdea9faf378a41047d27b9dc7b93"}
,"/Users/chris/Desktop/LambdaUnit4/webauth-iii-challenge/data/seeds/user.js": {"path":"/Users/chris/Desktop/LambdaUnit4/webauth-iii-challenge/data/seeds/user.js","statementMap":{"0":{"start":{"line":1,"column":15},"end":{"line":1,"column":34}},"1":{"start":{"line":3,"column":0},"end":{"line":27,"column":2}},"2":{"start":{"line":5,"column":2},"end":{"line":26,"column":7}},"3":{"start":{"line":9,"column":6},"end":{"line":25,"column":9}}},"fnMap":{"0":{"name":"(anonymous_0)","decl":{"start":{"line":3,"column":15},"end":{"line":3,"column":16}},"loc":{"start":{"line":3,"column":31},"end":{"line":27,"column":1}},"line":3},"1":{"name":"(anonymous_1)","decl":{"start":{"line":7,"column":10},"end":{"line":7,"column":11}},"loc":{"start":{"line":7,"column":22},"end":{"line":26,"column":5}},"line":7}},"branchMap":{},"s":{"0":1,"1":1,"2":4,"3":4},"f":{"0":4,"1":4},"b":{},"_coverageSchema":"1a1c01bbd47fc00a2c39e90264f33305004495a9","hash":"d8f0330ae559fe0fd614fea5d51712faba47c620"}
,"/Users/chris/Desktop/LambdaUnit4/webauth-iii-challenge/users/usersModal.js": {"path":"/Users/chris/Desktop/LambdaUnit4/webauth-iii-challenge/users/usersModal.js","statementMap":{"0":{"start":{"line":1,"column":11},"end":{"line":1,"column":38}},"1":{"start":{"line":3,"column":0},"end":{"line":7,"column":2}},"2":{"start":{"line":10,"column":2},"end":{"line":10,"column":21}},"3":{"start":{"line":14,"column":2},"end":{"line":14,"column":34}},"4":{"start":{"line":18,"column":2},"end":{"line":18,"column":49}}},"fnMap":{"0":{"name":"find","decl":{"start":{"line":9,"column":9},"end":{"line":9,"column":13}},"loc":{"start":{"line":9,"column":16},"end":{"line":11,"column":1}},"line":9},"1":{"name":"insert","decl":{"start":{"line":13,"column":9},"end":{"line":13,"column":15}},"loc":{"start":{"line":13,"column":22},"end":{"line":15,"column":1}},"line":13},"2":{"name":"findByUsername","decl":{"start":{"line":17,"column":9},"end":{"line":17,"column":23}},"loc":{"start":{"line":17,"column":34},"end":{"line":19,"column":1}},"line":17}},"branchMap":{},"s":{"0":1,"1":1,"2":1,"3":3,"4":2},"f":{"0":1,"1":3,"2":2},"b":{},"_coverageSchema":"1a1c01bbd47fc00a2c39e90264f33305004495a9","hash":"0ff161a4c120b47f8e31757099059b16cbe36867"}
}
